Flutter crash report.
Please report a bug at https://github.com/flutter/flutter/issues.

## command

flutter run

## exception

RPCError: _flutter.renderFrameWithRasterStats: (-32000) Failed to render the last frame with raster stats. Rasterizer does not hold a valid last layer tree. This could happen if this method was invoked before a frame was rendered

```
#0      new _OutstandingRequest (package:vm_service/src/vm_service.dart:265:34)
#1      VmService._call.<anonymous closure> (package:vm_service/src/vm_service.dart:1772:25)
#2      VmService._call (package:vm_service/src/vm_service.dart:1784:8)
#3      VmService.callServiceExtension (package:vm_service/src/vm_service.dart:1733:14)
#4      VmService.callMethod (package:vm_service/src/vm_service.dart:1716:12)
#5      FlutterVmService.callMethodWrapper (package:flutter_tools/src/vmservice.dart:501:28)
#6      FlutterVmService.renderFrameWithRasterStats (package:flutter_tools/src/vmservice.dart:601:49)
#7      ResidentHandlers.debugFrameJankMetrics (package:flutter_tools/src/resident_runner.dart:724:37)
<asynchronous suspension>
#8      TerminalHandler.processTerminalInput (package:flutter_tools/src/resident_runner.dart:1841:7)
<asynchronous suspension>
```

## flutter doctor

```
[32m[✓][39m Flutter (Channel stable, 3.22.3, on Microsoft Windows [Version 10.0.19045.4894], locale en-US)
    [32m•[39m Flutter version 3.22.3 on channel stable at C:\Users\lam08\AppData\Local\Flutter\flutter
    [32m•[39m Upstream repository https://github.com/flutter/flutter.git
    [32m•[39m Framework revision b0850beeb2 (3 months ago), 2024-07-16 21:43:41 -0700
    [32m•[39m Engine revision 235db911ba
    [32m•[39m Dart version 3.4.4
    [32m•[39m DevTools version 2.34.3

[32m[✓][39m Windows Version (Installed version of Windows is version 10 or higher)

[32m[✓][39m Android toolchain - develop for Android devices (Android SDK version 35.0.0)
    [32m•[39m Android SDK at C:\Users\lam08\AppData\Local\Android\Sdk
    [32m•[39m Platform android-34, build-tools 35.0.0
    [32m•[39m ANDROID_HOME = C:\Users\lam08\AppData\Local\Android\Sdk
    [32m•[39m Java binary at: C:\Program Files\Android\Android Studio\jbr\bin\java
    [32m•[39m Java version OpenJDK Runtime Environment (build 17.0.11+0--11852314)
    [32m•[39m All Android licenses accepted.

[32m[✓][39m Chrome - develop for the web
    [32m•[39m Chrome at C:\Program Files\Google\Chrome\Application\chrome.exe

[32m[✓][39m Visual Studio - develop Windows apps (Visual Studio Community 2022 17.10.5)
    [32m•[39m Visual Studio at C:\Program Files\Microsoft Visual Studio\2022\Community
    [32m•[39m Visual Studio Community 2022 version 17.10.35122.118
    [32m•[39m Windows 10 SDK version 10.0.22621.0

[32m[✓][39m Android Studio (version 2024.1)
    [32m•[39m Android Studio at C:\Program Files\Android\Android Studio
    [32m•[39m Flutter plugin can be installed from:
      🔨 https://plugins.jetbrains.com/plugin/9212-flutter
    [32m•[39m Dart plugin can be installed from:
      🔨 https://plugins.jetbrains.com/plugin/6351-dart
    [32m•[39m Java version OpenJDK Runtime Environment (build 17.0.11+0--11852314)

[32m[✓][39m VS Code (version 1.93.1)
    [32m•[39m VS Code at C:\Users\lam08\AppData\Local\Programs\Microsoft VS Code
    [32m•[39m Flutter extension version 3.96.0

[32m[✓][39m Connected device (4 available)
    [32m•[39m Nokia C30 (mobile) • E286668601C22701154 • android-arm    • Android 11 (API 30)
    [32m•[39m Windows (desktop)  • windows             • windows-x64    • Microsoft Windows [Version 10.0.19045.4894]
    [32m•[39m Chrome (web)       • chrome              • web-javascript • Google Chrome 129.0.6668.70
    [32m•[39m Edge (web)         • edge                • web-javascript • Microsoft Edge 129.0.2792.65

[32m[✓][39m Network resources
    [32m•[39m All expected network resources are available.

[32m•[39m No issues found!
```
